<?xml version="1.0" encoding="UTF-8"?>
<!-- Generated by org.testng.reporters.JUnitReportReporter -->
<testsuite hostname="SFTLCRPC064" failures="0" tests="3" name="curs19.TestClass" time="0.010" errors="0" timestamp="2022-08-01T11:02:18 EEST" skipped="1">
  <testcase classname="curs19.TestClass" name="testCase3" time="0.001"/>
  <system-out/>
  <testcase classname="curs19.TestClass" name="testCase2" time="0.001">
    <skipped/>
  </testcase> <!-- testCase2 -->
  <system-out/>
  <testcase classname="curs19.TestClass" name="testCase1" time="0.008"/>
  <system-out/>
</testsuite> <!-- curs19.TestClass -->
