<?xml version="1.0" encoding="UTF-8"?>
<!-- Generated by org.testng.reporters.JUnitReportReporter -->
<testsuite hostname="SFTLCRPC064" failures="0" tests="4" name="curs20.TestEcample" time="0.010" errors="0" timestamp="2022-08-04T17:17:03 EEST" skipped="0">
  <testcase classname="curs20.TestEcample" name="runMultipleTimes" time="0.001"/>
  <system-out/>
  <testcase classname="curs20.TestEcample" name="runMultipleTimes" time="0.008"/>
  <system-out/>
  <testcase classname="curs20.TestEcample" name="runMultipleTimes" time="0.000"/>
  <system-out/>
  <testcase classname="curs20.TestEcample" name="runMultipleTimes" time="0.001"/>
  <system-out/>
</testsuite> <!-- curs20.TestEcample -->
